Arguments: 
  C:\Program Files\nodejs\node.exe C:\Program Files (x86)\Yarn\bin\yarn.js add slick-carousel

PATH: 
  C:\Program Files\Common Files\Oracle\Java\javapath;C:\WINDOWS\system32;C:\WINDOWS;C:\WINDOWS\System32\Wbem;C:\WINDOWS\System32\WindowsPowerShell\v1.0\;C:\WINDOWS\System32\OpenSSH\;C:\Program Files (x86)\Yarn\bin\;C:\Users\777\AppData\Roaming\nvm;C:\Program Files\nodejs;C:\Program Files\Git\cmd;C:\Program Files\Microsoft VS Code\bin;C:\ProgramData\chocolatey\bin;C:\Users\777\AppData\Local\Programs\Python\Python311\Scripts\;C:\Users\777\AppData\Local\Programs\Python\Python311\;C:\Users\777\AppData\Local\Microsoft\WindowsApps;C:\Users\777\AppData\Local\Yarn\bin;C:\Users\777\AppData\Roaming\nvm;C:\Program Files\nodejs;C:\Users\777\AppData\Local\GitHubDesktop\bin

Yarn version: 
  1.22.4

Node version: 
  18.17.0

Platform: 
  win32 x64

Trace: 
  TypeError [ERR_INVALID_URL]: Invalid URL
      at new NodeError (node:internal/errors:405:5)
      at Url.parse (node:url:445:17)
      at urlParse (node:url:167:13)
      at Function.isVersion (C:\Program Files (x86)\Yarn\lib\cli.js:37153:21)
      at getExoticResolver (C:\Program Files (x86)\Yarn\lib\cli.js:29671:18)
      at PackageRequest.<anonymous> (C:\Program Files (x86)\Yarn\lib\cli.js:36515:76)
      at Generator.next (<anonymous>)
      at step (C:\Program Files (x86)\Yarn\lib\cli.js:310:30)
      at C:\Program Files (x86)\Yarn\lib\cli.js:321:13
      at process.processTicksAndRejections (node:internal/process/task_queues:95:5)

npm manifest: 
  {
    "name": "demo-store",
    "private": true,
    "version": "0.0.0",
    "scripts": {
      "build": "npm run build:css && shopify hydrogen build",
      "build:css": "postcss styles --base styles --dir app/styles --env production",
      "dev": "npm run build:css && concurrently -g --kill-others-on-fail -r npm:dev:css \"shopify hydrogen dev\"",
      "dev:css": "postcss styles --base styles --dir app/styles -w",
      "preview": "npm run build && shopify hydrogen preview",
      "lint": "eslint --no-error-on-unmatched-pattern --ext .js,.ts,.jsx,.tsx .",
      "format": "prettier --write --ignore-unknown .",
      "typecheck": "tsc --noEmit"
    },
    "prettier": "@shopify/prettier-config",
    "dependencies": {
      "@emailjs/browser": "^3.11.0",
      "@emotion/react": "^11.11.1",
      "@headlessui/react": "^1.7.2",
      "@headlessui/tailwindcss": "^0.2.0",
      "@remix-run/react": "1.12.0",
      "@shopify/cli": "3.29.0",
      "@shopify/cli-hydrogen": "4.0.6",
      "@shopify/hydrogen": "2023.1.4",
      "@shopify/remix-oxygen": "^1.0.3",
      "@thebeyondgroup/shopify-rich-text-renderer": "^1.0.0",
      "@types/aos": "^3.0.4",
      "@types/google-map-react": "^2.1.7",
      "@types/google.maps": "^3.53.6",
      "@types/react-anchor-link-smooth-scroll": "^1.0.2",
      "@types/react-places-autocomplete": "^7.2.9",
      "aos": "^2.3.4",
      "clsx": "^1.2.1",
      "concurrently": "^7.5.0",
      "cross-env": "^7.0.3",
      "framer-motion": "^10.15.1",
      "google-map-react": "^2.2.1",
      "graphql": "^16.6.0",
      "graphql-tag": "^2.12.6",
      "isbot": "^3.6.5",
      "react": "^18.2.0",
      "react-anchor-link-smooth-scroll": "^1.0.12",
      "react-animate-height": "^3.2.2",
      "react-awesome-reveal": "^4.2.5",
      "react-bootstrap": "^2.9.0",
      "react-dom": "^18.2.0",
      "react-icons": "^4.10.1",
      "react-intersection-observer": "^9.4.1",
      "react-place-autocomplete": "^0.1.0",
      "react-places-autocomplete": "^7.3.0",
      "react-responsive-carousel": "^3.2.23",
      "react-scroll": "^1.8.9",
      "react-slick": "^0.29.0",
      "react-use": "^17.4.0",
      "schema-dts": "^1.1.0",
      "slick-carousel": "^1.8.1",
      "swiper": "^10.1.0",
      "tiny-invariant": "^1.2.0",
      "typographic-base": "^1.0.4",
      "video-react": "^0.16.0"
    },
    "devDependencies": {
      "@remix-run/dev": "1.15.0",
      "@remix-run/eslint-config": "1.12.0",
      "@shopify/eslint-plugin": "^42.0.1",
      "@shopify/oxygen-workers-types": "^3.17.2",
      "@shopify/prettier-config": "^1.1.2",
      "@tailwindcss/forms": "^0.5.3",
      "@tailwindcss/typography": "^0.5.7",
      "@types/eslint": "^8.4.10",
      "@types/react": "^18.0.20",
      "@types/react-dom": "^18.0.6",
      "@types/react-scroll": "^1.8.7",
      "@types/react-slick": "^0.23.10",
      "@types/video-react": "^0.15.1",
      "concurrently": "^7.4.0",
      "cross-env": "^7.0.3",
      "eslint": "^8.20.0",
      "eslint-plugin-hydrogen": "0.12.2",
      "postcss": "^8.4.16",
      "postcss-cli": "^10.0.0",
      "postcss-import": "^15.0.0",
      "postcss-preset-env": "^7.8.2",
      "prettier": "^2.8.4",
      "rimraf": "^3.0.2",
      "tailwindcss": "^3.1.8",
      "typescript": "^4.9.5"
    },
    "engines": {
      "node": ">=16.13"
    }
  }

yarn manifest: 
  No manifest

Lockfile: 
  No lockfile
